WhatsApp Service listening at http://localhost:3000
QR RECEIVED. Scan this with WhatsApp:
▄▄▄▄▄▄▄▄▄▄▄▄▄▄▄▄▄▄▄▄▄▄▄▄▄▄▄▄▄▄▄▄▄▄▄▄▄▄▄▄▄▄▄▄▄▄▄▄▄▄▄▄▄▄▄▄▄▄▄
█ ▄▄▄▄▄ █▀▀ ▄▀▀ ▄▄▀▀▄ █▀  ▄▄█▄ ▄█▄▄  ▄ ▄█  ▄▄▀█▄ ██ ▄▄▄▄▄ █
█ █   █ █▄▄▄▀█▄██▄▄▄▀███▄███ █ ▀▄▄ ▄ ██▀▄▄█▀▀▄▀▄ ██ █   █ █
█ █▄▄▄█ █  ▄▀▄█ ██ ▄▀█▄▄▀▄  ▄▄▄ ▄  ▀▄ ▀▄█▄  ▀  ▀▄██ █▄▄▄█ █
█▄▄▄▄▄▄▄█ █▄▀▄█▄▀ █ ▀ ▀▄▀▄█ █▄█ ▀▄█▄█ ▀▄█▄█▄█ ▀ █ █▄▄▄▄▄▄▄█
█▄ ▀▄█▀▄ ▀█▄█▄█▀█▄▄ ▄▄ ▄▄█    ▄▄██ ▄▄▄██▀ ▄█ ▀▄█ ██▄  ▀▄▄██
█▀▄█ ▀▄▄▀▄▄█ ▄▀█▄█▀▄▄▄   █▄ ██▀   ▀ █▀  ▄▀▀▀▀▄█▄▀▄  █▀▀█▀ █
█▄▄▄█▄▄▄▀▀ ▀█▀▄██▀█▄ ▄ ▀███▄▄▄█▀▄ ▄▀  ▀██▄ █▀▄▄▀▄▄ ██ █▄█▄█
█ ▀  ▀▀▄███▄▀▀▀▄▄██▄████▀▄▄█▀▄  ██▀█▄ ▀█▄▀▀█▀█▄   ▀▄▄ ██ ▀█
█▄▀▄▀▄▄▄ █▄█  ▀ ▄▄▀ █ ▄█ ▄█   ▀██  █    ▀▀ █▀▄▄▄▀█▄▀▀██ █ █
█▄▀███▀▄▀ ▀  ▀▀▄ ▀██▄▄█▀  █▄ ▀▄▀▀ ▄█▀▀▄██ ▀▀▀ ██▀ ▀█▀▀▄▄ ▄█
██ ▀ ▀▄▄▀ ▀ ▄████ ▀  █▄ ▄ ▄   █▄██ █▀▄ ▄▄ ▄▄▄██▄▀█▄█ ▄  █ █
█ ██▄▀▀▄█ ▀█▀▄███ ▄▄▀  ▀▀▀▄█▄▄██ ▀█ ▀▄▀▀▀ █▀ ▄▀   █▄█▄ ▄▄▄█
█▀ ▀ ▄ ▄ █▄▀█ ▀▄▄ ▄ ██  █▄█ ▄▄▄▄▄▀▀ ▄▄▀█  █▄▄ █ ▄█ ▄ ▄ █ ▀█
█▀█▀  ▄▄▄    ▄▀▀▄▄▀▀▄▀█▄▄▀  ▄▄▄ ▄  ▀█▀█▀ ▀▀▄█▀█▄▄ ▄▄▄ ▄▄▀██
█▀█ ▀ █▄█ ▄ █ ▀▀▄█▄██▀██▀▄▄ █▄█ █ █▄▀▄▀▀▄▀▀▄▀▄▄▄▄ █▄█ █ █▀█
█▄███  ▄   ▀▀ █ █ █▄█▀▄ ▄▄█    ▄▀▀█▄▀█ █▄▄▀▀█ ▄█▄▄  ▄ █▄ ▄█
█▄▄ ▀▀ ▄█▀ █▀█▀█▄██  ▄  ▀█▀▄█▄▄▄ ▀ ▄█▄█▄ ▄██▄▀▄▄  ▄▀ ██▄▄▀█
█▄▀▄▄▀▄▄██ █▄▄█  █▄ █▄▀▄▀█▀▀██▀▄█ ▀ ▀██▀▀█ ▄▄▄▀▀█▀█ █▄▀▄▄▄█
██▀▄ ▀▀▄  █ ▄ █▄   ▄▀    ▄██  ▄▄  ▄▀▄ ▄█▄ █▄▄  ▀▀█▀▄█▀ ██▀█
██ ▄ ▄ ▄█▄▄ █  ▄ ▄▄ █  █▀▄▀▄ ▄▀ ▄█ █ ██▄▀▀▄█▄██▀▀  ██▄█▄ ▄█
█▄██▀▀█▄ ▀▄ ██▀▀▄█ ▄▀▀ ▀▀█ ▄██ ▀▄  █▄ ▀  █▄▄▀ ▄█▀▀▀ █▄ ▀  █
█▀ ▀▄▀█▄█▄▄▄▄ ▀█▄▀█▄▄▄ █▀██ ▄██ ▀▄▀ ▀▀▄█  ▀██▀▄▀█ ▄▄▀▀ █ ▄█
█▄▀█ █▀▄▄ ▀█▀█  ██▄▄█▄ █▄█▀▄█▄▀▄ ███▀▄██▄▄██▄███▄▄ █████ ▀█
█ ▀ ▀▀▄▄█▄▀ ▄▀ ▀█▄ ▄█▀▄▄█ ▄▀▀▄▄▄▀▄█ ██ ▄▄▄█▄▀ ▀ ▄▀█▄▄▄▀█▀ █
███████▄█▀▀▄▀▀▀▄▄▀ ▄▀▄ ▄█▄▄ ▄▄▄ ▄ █    ▄▄▄▀█▄ █▀█ ▄▄▄ ▀▄▄▄█
█ ▄▄▄▄▄ █▄▄▄    ▀██ ▄▄▀▀▄▄  █▄█ █▀██   ▀█▄██▄█▀ ▄ █▄█ ▄█ ██
█ █   █ █▀ █ ▄▄ █▀ ▄▀ █▀▀ █ ▄▄   ▄██▀ █▀▄█ ▄█ ▄▄▄▄  ▄▄█▀▀▀█
█ █▄▄▄█ █▀▄  ▀█▀███▄▄▄▀██▀▄▄  █▀▄▄▄▄ ▄▄█ ▄▀ ███▀ ▄ ▄▄ █▄█▄█
█▄▄▄▄▄▄▄█▄█▄▄██████▄██▄▄▄▄▄█▄▄▄▄▄▄███▄▄▄▄▄██▄█████▄▄██▄▄▄██

Authenticated successfully.
WhatsApp Client is ready!
